[0.105s] DEBUG:colcon:Command line arguments: ['/usr/bin/colcon', 'build']
[0.105s] DEBUG:colcon:Parsed command line arguments: Namespace(log_base=None, log_level=None, verb_name='build', build_base='build', install_base='install', merge_install=False, symlink_install=False, test_result_base=None, continue_on_error=False, executor='parallel', parallel_workers=8, event_handlers=None, ignore_user_meta=False, metas=['./colcon.meta'], base_paths=['.'], packages_ignore=None, packages_ignore_regex=None, paths=None, packages_up_to=None, packages_up_to_regex=None, packages_above=None, packages_above_and_dependencies=None, packages_above_depth=None, packages_select_by_dep=None, packages_skip_by_dep=None, packages_skip_up_to=None, packages_select_build_failed=False, packages_skip_build_finished=False, packages_select_test_failures=False, packages_skip_test_passed=False, packages_select=None, packages_skip=None, packages_select_regex=None, packages_skip_regex=None, packages_start=None, packages_end=None, allow_overriding=[], cmake_args=None, cmake_target=None, cmake_target_skip_unavailable=False, cmake_clean_cache=False, cmake_clean_first=False, cmake_force_configure=False, ament_cmake_args=None, catkin_cmake_args=None, catkin_skip_building_tests=False, verb_parser=<colcon_defaults.argument_parser.defaults.DefaultArgumentsDecorator object at 0x7f14cd6d0460>, verb_extension=<colcon_core.verb.build.BuildVerb object at 0x7f14cd6a7eb0>, main=<bound method BuildVerb.main of <colcon_core.verb.build.BuildVerb object at 0x7f14cd6a7eb0>>)
[0.126s] Level 1:colcon.colcon_core.package_discovery:discover_packages(colcon_meta) check parameters
[0.127s] Level 1:colcon.colcon_core.package_discovery:discover_packages(recursive) check parameters
[0.127s] Level 1:colcon.colcon_core.package_discovery:discover_packages(ignore) check parameters
[0.127s] Level 1:colcon.colcon_core.package_discovery:discover_packages(path) check parameters
[0.127s] Level 1:colcon.colcon_core.package_discovery:discover_packages(colcon_meta) discover
[0.127s] Level 1:colcon.colcon_core.package_discovery:discover_packages(recursive) discover
[0.127s] INFO:colcon.colcon_core.package_discovery:Crawling recursively for packages in '/home/nequamy/mecanum_ws/src/mecanum_base'
[0.127s] Level 1:colcon.colcon_core.package_identification:_identify(.) by extensions ['ignore', 'ignore_ament_install']
[0.127s] Level 1:colcon.colcon_core.package_identification:_identify(.) by extension 'ignore'
[0.127s] Level 1:colcon.colcon_core.package_identification:_identify(.) by extension 'ignore_ament_install'
[0.127s] Level 1:colcon.colcon_core.package_identification:_identify(.) by extensions ['colcon_pkg']
[0.127s] Level 1:colcon.colcon_core.package_identification:_identify(.) by extension 'colcon_pkg'
[0.127s] Level 1:colcon.colcon_core.package_identification:_identify(.) by extensions ['colcon_meta']
[0.127s] Level 1:colcon.colcon_core.package_identification:_identify(.) by extension 'colcon_meta'
[0.127s] Level 1:colcon.colcon_core.package_identification:_identify(.) by extensions ['ros']
[0.127s] Level 1:colcon.colcon_core.package_identification:_identify(.) by extension 'ros'
[0.136s] DEBUG:colcon.colcon_core.package_identification:Package '.' with type 'ros.ament_cmake' and name 'mecanum_base'
[0.136s] Level 1:colcon.colcon_core.package_discovery:discover_packages(recursive) using defaults
[0.136s] Level 1:colcon.colcon_core.package_discovery:discover_packages(ignore) discover
[0.136s] Level 1:colcon.colcon_core.package_discovery:discover_packages(ignore) using defaults
[0.137s] Level 1:colcon.colcon_core.package_discovery:discover_packages(path) discover
[0.137s] Level 1:colcon.colcon_core.package_discovery:discover_packages(path) using defaults
[0.153s] Level 1:colcon.colcon_core.package_discovery:discover_packages(prefix_path) check parameters
[0.153s] Level 1:colcon.colcon_core.package_discovery:discover_packages(prefix_path) discover
[0.156s] DEBUG:colcon.colcon_installed_package_information.package_discovery:Found 3 installed packages in /home/nequamy/mecanum_ws/install
[0.157s] DEBUG:colcon.colcon_installed_package_information.package_discovery:Found 8 installed packages in /home/nequamy/turtlebot3_ws/install
[0.157s] DEBUG:colcon.colcon_installed_package_information.package_discovery:Found 3 installed packages in /home/nequamy/pr_ws/install
[0.159s] DEBUG:colcon.colcon_installed_package_information.package_discovery:Found 37 installed packages in /home/nequamy/nav2_ws/install
[0.159s] DEBUG:colcon.colcon_installed_package_information.package_discovery:Found 2 installed packages in /home/nequamy/ros2_ws/install
[0.161s] DEBUG:colcon.colcon_installed_package_information.package_discovery:Found 350 installed packages in /opt/ros/humble
[0.162s] Level 1:colcon.colcon_core.package_discovery:discover_packages(prefix_path) using defaults
[0.205s] Level 5:colcon.colcon_core.verb:set package 'mecanum_base' build argument 'cmake_args' from command line to 'None'
[0.205s] Level 5:colcon.colcon_core.verb:set package 'mecanum_base' build argument 'cmake_target' from command line to 'None'
[0.205s] Level 5:colcon.colcon_core.verb:set package 'mecanum_base' build argument 'cmake_target_skip_unavailable' from command line to 'False'
[0.205s] Level 5:colcon.colcon_core.verb:set package 'mecanum_base' build argument 'cmake_clean_cache' from command line to 'False'
[0.205s] Level 5:colcon.colcon_core.verb:set package 'mecanum_base' build argument 'cmake_clean_first' from command line to 'False'
[0.205s] Level 5:colcon.colcon_core.verb:set package 'mecanum_base' build argument 'cmake_force_configure' from command line to 'False'
[0.205s] Level 5:colcon.colcon_core.verb:set package 'mecanum_base' build argument 'ament_cmake_args' from command line to 'None'
[0.205s] Level 5:colcon.colcon_core.verb:set package 'mecanum_base' build argument 'catkin_cmake_args' from command line to 'None'
[0.205s] Level 5:colcon.colcon_core.verb:set package 'mecanum_base' build argument 'catkin_skip_building_tests' from command line to 'False'
[0.205s] DEBUG:colcon.colcon_core.verb:Building package 'mecanum_base' with the following arguments: {'ament_cmake_args': None, 'build_base': '/home/nequamy/mecanum_ws/src/mecanum_base/build/mecanum_base', 'catkin_cmake_args': None, 'catkin_skip_building_tests': False, 'cmake_args': None, 'cmake_clean_cache': False, 'cmake_clean_first': False, 'cmake_force_configure': False, 'cmake_target': None, 'cmake_target_skip_unavailable': False, 'install_base': '/home/nequamy/mecanum_ws/src/mecanum_base/install/mecanum_base', 'merge_install': False, 'path': '/home/nequamy/mecanum_ws/src/mecanum_base', 'symlink_install': False, 'test_result_base': None}
[0.206s] INFO:colcon.colcon_core.executor:Executing jobs using 'parallel' executor
[0.208s] DEBUG:colcon.colcon_parallel_executor.executor.parallel:run_until_complete
[0.209s] INFO:colcon.colcon_ros.task.ament_cmake.build:Building ROS package in '/home/nequamy/mecanum_ws/src/mecanum_base' with build type 'ament_cmake'
[0.209s] INFO:colcon.colcon_cmake.task.cmake.build:Building CMake package in '/home/nequamy/mecanum_ws/src/mecanum_base'
[0.212s] INFO:colcon.colcon_core.plugin_system:Skipping extension 'colcon_core.shell.bat': Not used on non-Windows systems
[0.212s] INFO:colcon.colcon_core.shell:Skip shell extension 'powershell' for command environment: Not usable outside of PowerShell
[0.212s] DEBUG:colcon.colcon_core.shell:Skip shell extension 'dsv' for command environment
[0.227s] DEBUG:colcon.colcon_core.event_handler.log_command:Invoking command in '/home/nequamy/mecanum_ws/src/mecanum_base/build/mecanum_base': CMAKE_PREFIX_PATH=${CMAKE_PREFIX_PATH}:/home/nequamy/ros2_ws/install/learning:/home/nequamy/turtlebot3_ws/install/turtlebot3_teleop:/home/nequamy/turtlebot3_ws/install/turtlebot3_example:/home/nequamy/pr_ws/install/pr_nav_ros2:/home/nequamy/pr_ws/install/gazebo_noiser:/home/nequamy/nav2_ws/install/nav2_simple_commander:/opt/ros/humble /usr/bin/cmake /home/nequamy/mecanum_ws/src/mecanum_base -DCMAKE_INSTALL_PREFIX=/home/nequamy/mecanum_ws/src/mecanum_base/install/mecanum_base
[3.737s] DEBUG:colcon.colcon_core.event_handler.log_command:Invoked command in '/home/nequamy/mecanum_ws/src/mecanum_base/build/mecanum_base' returned '0': CMAKE_PREFIX_PATH=${CMAKE_PREFIX_PATH}:/home/nequamy/ros2_ws/install/learning:/home/nequamy/turtlebot3_ws/install/turtlebot3_teleop:/home/nequamy/turtlebot3_ws/install/turtlebot3_example:/home/nequamy/pr_ws/install/pr_nav_ros2:/home/nequamy/pr_ws/install/gazebo_noiser:/home/nequamy/nav2_ws/install/nav2_simple_commander:/opt/ros/humble /usr/bin/cmake /home/nequamy/mecanum_ws/src/mecanum_base -DCMAKE_INSTALL_PREFIX=/home/nequamy/mecanum_ws/src/mecanum_base/install/mecanum_base
[3.739s] DEBUG:colcon.colcon_core.event_handler.log_command:Invoking command in '/home/nequamy/mecanum_ws/src/mecanum_base/build/mecanum_base': CMAKE_PREFIX_PATH=${CMAKE_PREFIX_PATH}:/home/nequamy/ros2_ws/install/learning:/home/nequamy/turtlebot3_ws/install/turtlebot3_teleop:/home/nequamy/turtlebot3_ws/install/turtlebot3_example:/home/nequamy/pr_ws/install/pr_nav_ros2:/home/nequamy/pr_ws/install/gazebo_noiser:/home/nequamy/nav2_ws/install/nav2_simple_commander:/opt/ros/humble /usr/bin/cmake --build /home/nequamy/mecanum_ws/src/mecanum_base/build/mecanum_base -- -j8 -l8
[3.779s] DEBUG:colcon.colcon_core.event_handler.log_command:Invoked command in '/home/nequamy/mecanum_ws/src/mecanum_base/build/mecanum_base' returned '0': CMAKE_PREFIX_PATH=${CMAKE_PREFIX_PATH}:/home/nequamy/ros2_ws/install/learning:/home/nequamy/turtlebot3_ws/install/turtlebot3_teleop:/home/nequamy/turtlebot3_ws/install/turtlebot3_example:/home/nequamy/pr_ws/install/pr_nav_ros2:/home/nequamy/pr_ws/install/gazebo_noiser:/home/nequamy/nav2_ws/install/nav2_simple_commander:/opt/ros/humble /usr/bin/cmake --build /home/nequamy/mecanum_ws/src/mecanum_base/build/mecanum_base -- -j8 -l8
[3.813s] DEBUG:colcon.colcon_core.event_handler.log_command:Invoking command in '/home/nequamy/mecanum_ws/src/mecanum_base/build/mecanum_base': CMAKE_PREFIX_PATH=${CMAKE_PREFIX_PATH}:/home/nequamy/ros2_ws/install/learning:/home/nequamy/turtlebot3_ws/install/turtlebot3_teleop:/home/nequamy/turtlebot3_ws/install/turtlebot3_example:/home/nequamy/pr_ws/install/pr_nav_ros2:/home/nequamy/pr_ws/install/gazebo_noiser:/home/nequamy/nav2_ws/install/nav2_simple_commander:/opt/ros/humble /usr/bin/cmake --install /home/nequamy/mecanum_ws/src/mecanum_base/build/mecanum_base
[3.938s] Level 1:colcon.colcon_core.environment:create_environment_scripts_only(mecanum_base)
[3.939s] DEBUG:colcon.colcon_core.event_handler.log_command:Invoked command in '/home/nequamy/mecanum_ws/src/mecanum_base/build/mecanum_base' returned '0': CMAKE_PREFIX_PATH=${CMAKE_PREFIX_PATH}:/home/nequamy/ros2_ws/install/learning:/home/nequamy/turtlebot3_ws/install/turtlebot3_teleop:/home/nequamy/turtlebot3_ws/install/turtlebot3_example:/home/nequamy/pr_ws/install/pr_nav_ros2:/home/nequamy/pr_ws/install/gazebo_noiser:/home/nequamy/nav2_ws/install/nav2_simple_commander:/opt/ros/humble /usr/bin/cmake --install /home/nequamy/mecanum_ws/src/mecanum_base/build/mecanum_base
[3.942s] Level 1:colcon.colcon_core.environment:checking '/home/nequamy/mecanum_ws/src/mecanum_base/install/mecanum_base' for CMake module files
[3.943s] Level 1:colcon.colcon_core.environment:checking '/home/nequamy/mecanum_ws/src/mecanum_base/install/mecanum_base' for CMake config files
[3.943s] Level 1:colcon.colcon_core.shell:create_environment_hook('mecanum_base', 'cmake_prefix_path')
[3.944s] INFO:colcon.colcon_core.shell:Creating environment hook '/home/nequamy/mecanum_ws/src/mecanum_base/install/mecanum_base/share/mecanum_base/hook/cmake_prefix_path.ps1'
[3.944s] INFO:colcon.colcon_core.shell:Creating environment descriptor '/home/nequamy/mecanum_ws/src/mecanum_base/install/mecanum_base/share/mecanum_base/hook/cmake_prefix_path.dsv'
[3.945s] INFO:colcon.colcon_core.shell:Creating environment hook '/home/nequamy/mecanum_ws/src/mecanum_base/install/mecanum_base/share/mecanum_base/hook/cmake_prefix_path.sh'
[3.945s] Level 1:colcon.colcon_core.environment:checking '/home/nequamy/mecanum_ws/src/mecanum_base/install/mecanum_base/lib'
[3.945s] Level 1:colcon.colcon_core.environment:checking '/home/nequamy/mecanum_ws/src/mecanum_base/install/mecanum_base/bin'
[3.945s] Level 1:colcon.colcon_core.environment:checking '/home/nequamy/mecanum_ws/src/mecanum_base/install/mecanum_base/lib/pkgconfig/mecanum_base.pc'
[3.945s] Level 1:colcon.colcon_core.environment:checking '/home/nequamy/mecanum_ws/src/mecanum_base/install/mecanum_base/lib/python3.10/site-packages'
[3.946s] Level 1:colcon.colcon_core.environment:checking '/home/nequamy/mecanum_ws/src/mecanum_base/install/mecanum_base/bin'
[3.946s] INFO:colcon.colcon_core.shell:Creating package script '/home/nequamy/mecanum_ws/src/mecanum_base/install/mecanum_base/share/mecanum_base/package.ps1'
[3.947s] INFO:colcon.colcon_core.shell:Creating package descriptor '/home/nequamy/mecanum_ws/src/mecanum_base/install/mecanum_base/share/mecanum_base/package.dsv'
[3.947s] INFO:colcon.colcon_core.shell:Creating package script '/home/nequamy/mecanum_ws/src/mecanum_base/install/mecanum_base/share/mecanum_base/package.sh'
[3.948s] INFO:colcon.colcon_core.shell:Creating package script '/home/nequamy/mecanum_ws/src/mecanum_base/install/mecanum_base/share/mecanum_base/package.bash'
[3.948s] INFO:colcon.colcon_core.shell:Creating package script '/home/nequamy/mecanum_ws/src/mecanum_base/install/mecanum_base/share/mecanum_base/package.zsh'
[3.948s] Level 1:colcon.colcon_core.environment:create_file_with_runtime_dependencies(/home/nequamy/mecanum_ws/src/mecanum_base/install/mecanum_base/share/colcon-core/packages/mecanum_base)
[3.975s] Level 1:colcon.colcon_core.environment:create_environment_scripts_only(mecanum_base)
[3.977s] Level 1:colcon.colcon_core.environment:checking '/home/nequamy/mecanum_ws/src/mecanum_base/install/mecanum_base' for CMake module files
[3.977s] Level 1:colcon.colcon_core.environment:checking '/home/nequamy/mecanum_ws/src/mecanum_base/install/mecanum_base' for CMake config files
[3.977s] Level 1:colcon.colcon_core.shell:create_environment_hook('mecanum_base', 'cmake_prefix_path')
[3.978s] INFO:colcon.colcon_core.shell:Creating environment hook '/home/nequamy/mecanum_ws/src/mecanum_base/install/mecanum_base/share/mecanum_base/hook/cmake_prefix_path.ps1'
[3.978s] INFO:colcon.colcon_core.shell:Creating environment descriptor '/home/nequamy/mecanum_ws/src/mecanum_base/install/mecanum_base/share/mecanum_base/hook/cmake_prefix_path.dsv'
[3.978s] INFO:colcon.colcon_core.shell:Creating environment hook '/home/nequamy/mecanum_ws/src/mecanum_base/install/mecanum_base/share/mecanum_base/hook/cmake_prefix_path.sh'
[3.979s] Level 1:colcon.colcon_core.environment:checking '/home/nequamy/mecanum_ws/src/mecanum_base/install/mecanum_base/lib'
[3.979s] Level 1:colcon.colcon_core.environment:checking '/home/nequamy/mecanum_ws/src/mecanum_base/install/mecanum_base/bin'
[3.979s] Level 1:colcon.colcon_core.environment:checking '/home/nequamy/mecanum_ws/src/mecanum_base/install/mecanum_base/lib/pkgconfig/mecanum_base.pc'
[3.979s] Level 1:colcon.colcon_core.environment:checking '/home/nequamy/mecanum_ws/src/mecanum_base/install/mecanum_base/lib/python3.10/site-packages'
[3.979s] Level 1:colcon.colcon_core.environment:checking '/home/nequamy/mecanum_ws/src/mecanum_base/install/mecanum_base/bin'
[3.980s] INFO:colcon.colcon_core.shell:Creating package script '/home/nequamy/mecanum_ws/src/mecanum_base/install/mecanum_base/share/mecanum_base/package.ps1'
[3.980s] INFO:colcon.colcon_core.shell:Creating package descriptor '/home/nequamy/mecanum_ws/src/mecanum_base/install/mecanum_base/share/mecanum_base/package.dsv'
[3.980s] INFO:colcon.colcon_core.shell:Creating package script '/home/nequamy/mecanum_ws/src/mecanum_base/install/mecanum_base/share/mecanum_base/package.sh'
[3.981s] INFO:colcon.colcon_core.shell:Creating package script '/home/nequamy/mecanum_ws/src/mecanum_base/install/mecanum_base/share/mecanum_base/package.bash'
[3.981s] INFO:colcon.colcon_core.shell:Creating package script '/home/nequamy/mecanum_ws/src/mecanum_base/install/mecanum_base/share/mecanum_base/package.zsh'
[3.981s] Level 1:colcon.colcon_core.environment:create_file_with_runtime_dependencies(/home/nequamy/mecanum_ws/src/mecanum_base/install/mecanum_base/share/colcon-core/packages/mecanum_base)
[3.981s] DEBUG:colcon.colcon_parallel_executor.executor.parallel:closing loop
[3.982s] DEBUG:colcon.colcon_parallel_executor.executor.parallel:loop closed
[3.982s] DEBUG:colcon.colcon_parallel_executor.executor.parallel:run_until_complete finished with '0'
[3.982s] DEBUG:colcon.colcon_core.event_reactor:joining thread
[3.987s] INFO:colcon.colcon_core.plugin_system:Skipping extension 'colcon_notification.desktop_notification.terminal_notifier': Not used on non-Darwin systems
[3.987s] INFO:colcon.colcon_core.plugin_system:Skipping extension 'colcon_notification.desktop_notification.win32': Not used on non-Windows systems
[3.987s] INFO:colcon.colcon_notification.desktop_notification:Sending desktop notification using 'notify2'
[4.006s] DEBUG:colcon.colcon_core.event_reactor:joined thread
[4.008s] INFO:colcon.colcon_core.shell:Creating prefix script '/home/nequamy/mecanum_ws/src/mecanum_base/install/local_setup.ps1'
[4.010s] INFO:colcon.colcon_core.shell:Creating prefix util module '/home/nequamy/mecanum_ws/src/mecanum_base/install/_local_setup_util_ps1.py'
[4.011s] INFO:colcon.colcon_core.shell:Creating prefix chain script '/home/nequamy/mecanum_ws/src/mecanum_base/install/setup.ps1'
[4.013s] INFO:colcon.colcon_core.shell:Creating prefix script '/home/nequamy/mecanum_ws/src/mecanum_base/install/local_setup.sh'
[4.014s] INFO:colcon.colcon_core.shell:Creating prefix util module '/home/nequamy/mecanum_ws/src/mecanum_base/install/_local_setup_util_sh.py'
[4.014s] INFO:colcon.colcon_core.shell:Creating prefix chain script '/home/nequamy/mecanum_ws/src/mecanum_base/install/setup.sh'
[4.017s] INFO:colcon.colcon_core.shell:Creating prefix script '/home/nequamy/mecanum_ws/src/mecanum_base/install/local_setup.bash'
[4.017s] INFO:colcon.colcon_core.shell:Creating prefix chain script '/home/nequamy/mecanum_ws/src/mecanum_base/install/setup.bash'
[4.019s] INFO:colcon.colcon_core.shell:Creating prefix script '/home/nequamy/mecanum_ws/src/mecanum_base/install/local_setup.zsh'
[4.019s] INFO:colcon.colcon_core.shell:Creating prefix chain script '/home/nequamy/mecanum_ws/src/mecanum_base/install/setup.zsh'
